I, [2019-05-23T21:46:03.202151 #5221]  INFO -- Kitchen: -----> Starting Kitchen (v1.22.0)
I, [2019-05-23T21:46:11.437142 #5221]  INFO -- Kitchen: -----> Cleaning up any prior instances of <default-ubuntu-1604>
I, [2019-05-23T21:46:11.444048 #5221]  INFO -- Kitchen: -----> Destroying <default-ubuntu-1604>...
I, [2019-05-23T21:46:20.138025 #5221]  INFO -- Kitchen: -----> Testing <default-ubuntu-1604>
I, [2019-05-23T21:46:20.138556 #5221]  INFO -- Kitchen: -----> Creating <default-ubuntu-1604>...
I, [2019-05-23T21:47:09.298116 #5221]  INFO -- Kitchen: -----> Converging <default-ubuntu-1604>...
E, [2019-05-23T21:47:29.220932 #5221] ERROR -- Kitchen: ------Exception-------
E, [2019-05-23T21:47:29.221241 #5221] ERROR -- Kitchen: Class: Kitchen::ActionFailed
E, [2019-05-23T21:47:29.221459 #5221] ERROR -- Kitchen: Message: 1 actions failed.
>>>>>>     Converge failed on instance <default-ubuntu-1604>.  Please see .kitchen/logs/default-ubuntu-1604.log for more details
E, [2019-05-23T21:47:29.221522 #5221] ERROR -- Kitchen: ----------------------
E, [2019-05-23T21:47:29.221574 #5221] ERROR -- Kitchen: ------Backtrace-------
E, [2019-05-23T21:47:29.221621 #5221] ERROR -- Kitchen: /opt/chefdk/embedded/lib/ruby/gems/2.5.0/gems/test-kitchen-1.22.0/lib/kitchen/command.rb:183:in `report_errors'
E, [2019-05-23T21:47:29.221667 #5221] ERROR -- Kitchen: /opt/chefdk/embedded/lib/ruby/gems/2.5.0/gems/test-kitchen-1.22.0/lib/kitchen/command.rb:174:in `run_action'
E, [2019-05-23T21:47:29.221710 #5221] ERROR -- Kitchen: /opt/chefdk/embedded/lib/ruby/gems/2.5.0/gems/test-kitchen-1.22.0/lib/kitchen/command/test.rb:42:in `block in call'
E, [2019-05-23T21:47:29.221752 #5221] ERROR -- Kitchen: /opt/chefdk/embedded/lib/ruby/2.5.0/benchmark.rb:293:in `measure'
E, [2019-05-23T21:47:29.221793 #5221] ERROR -- Kitchen: /opt/chefdk/embedded/lib/ruby/gems/2.5.0/gems/test-kitchen-1.22.0/lib/kitchen/command/test.rb:38:in `call'
E, [2019-05-23T21:47:29.221836 #5221] ERROR -- Kitchen: /opt/chefdk/embedded/lib/ruby/gems/2.5.0/gems/test-kitchen-1.22.0/lib/kitchen/cli.rb:52:in `perform'
E, [2019-05-23T21:47:29.221880 #5221] ERROR -- Kitchen: /opt/chefdk/embedded/lib/ruby/gems/2.5.0/gems/test-kitchen-1.22.0/lib/kitchen/cli.rb:245:in `test'
E, [2019-05-23T21:47:29.221922 #5221] ERROR -- Kitchen: /opt/chefdk/embedded/lib/ruby/gems/2.5.0/gems/thor-0.20.0/lib/thor/command.rb:27:in `run'
E, [2019-05-23T21:47:29.221961 #5221] ERROR -- Kitchen: /opt/chefdk/embedded/lib/ruby/gems/2.5.0/gems/thor-0.20.0/lib/thor/invocation.rb:126:in `invoke_command'
E, [2019-05-23T21:47:29.222000 #5221] ERROR -- Kitchen: /opt/chefdk/embedded/lib/ruby/gems/2.5.0/gems/thor-0.20.0/lib/thor.rb:387:in `dispatch'
E, [2019-05-23T21:47:29.222039 #5221] ERROR -- Kitchen: /opt/chefdk/embedded/lib/ruby/gems/2.5.0/gems/thor-0.20.0/lib/thor/base.rb:466:in `start'
E, [2019-05-23T21:47:29.222077 #5221] ERROR -- Kitchen: /opt/chefdk/embedded/lib/ruby/gems/2.5.0/gems/test-kitchen-1.22.0/bin/kitchen:13:in `block in <top (required)>'
E, [2019-05-23T21:47:29.222116 #5221] ERROR -- Kitchen: /opt/chefdk/embedded/lib/ruby/gems/2.5.0/gems/test-kitchen-1.22.0/lib/kitchen/errors.rb:171:in `with_friendly_errors'
E, [2019-05-23T21:47:29.222154 #5221] ERROR -- Kitchen: /opt/chefdk/embedded/lib/ruby/gems/2.5.0/gems/test-kitchen-1.22.0/bin/kitchen:13:in `<top (required)>'
E, [2019-05-23T21:47:29.222192 #5221] ERROR -- Kitchen: /usr/local/bin/kitchen:272:in `load'
E, [2019-05-23T21:47:29.222230 #5221] ERROR -- Kitchen: /usr/local/bin/kitchen:272:in `<main>'
E, [2019-05-23T21:47:29.222267 #5221] ERROR -- Kitchen: ----End Backtrace-----
E, [2019-05-23T21:47:29.222304 #5221] ERROR -- Kitchen: -Composite Exception--
E, [2019-05-23T21:47:29.222341 #5221] ERROR -- Kitchen: Class: Kitchen::InstanceFailure
E, [2019-05-23T21:47:29.222383 #5221] ERROR -- Kitchen: Message: Converge failed on instance <default-ubuntu-1604>.  Please see .kitchen/logs/default-ubuntu-1604.log for more details
E, [2019-05-23T21:47:29.222422 #5221] ERROR -- Kitchen: ----------------------
E, [2019-05-23T21:47:29.222459 #5221] ERROR -- Kitchen: ------Backtrace-------
E, [2019-05-23T21:47:29.222519 #5221] ERROR -- Kitchen: /opt/chefdk/embedded/lib/ruby/gems/2.5.0/gems/test-kitchen-1.22.0/lib/kitchen/provisioner/base.rb:91:in `rescue in call'
E, [2019-05-23T21:47:29.222554 #5221] ERROR -- Kitchen: /opt/chefdk/embedded/lib/ruby/gems/2.5.0/gems/test-kitchen-1.22.0/lib/kitchen/provisioner/base.rb:67:in `call'
E, [2019-05-23T21:47:29.222587 #5221] ERROR -- Kitchen: /opt/chefdk/embedded/lib/ruby/gems/2.5.0/gems/test-kitchen-1.22.0/lib/kitchen/instance.rb:393:in `block in converge_action'
E, [2019-05-23T21:47:29.222620 #5221] ERROR -- Kitchen: /opt/chefdk/embedded/lib/ruby/gems/2.5.0/gems/test-kitchen-1.22.0/lib/kitchen/instance.rb:536:in `synchronize_or_call'
E, [2019-05-23T21:47:29.222653 #5221] ERROR -- Kitchen: /opt/chefdk/embedded/lib/ruby/gems/2.5.0/gems/test-kitchen-1.22.0/lib/kitchen/instance.rb:498:in `block in action'
E, [2019-05-23T21:47:29.222685 #5221] ERROR -- Kitchen: /opt/chefdk/embedded/lib/ruby/2.5.0/benchmark.rb:293:in `measure'
E, [2019-05-23T21:47:29.222718 #5221] ERROR -- Kitchen: /opt/chefdk/embedded/lib/ruby/gems/2.5.0/gems/test-kitchen-1.22.0/lib/kitchen/instance.rb:497:in `action'
E, [2019-05-23T21:47:29.222751 #5221] ERROR -- Kitchen: /opt/chefdk/embedded/lib/ruby/gems/2.5.0/gems/test-kitchen-1.22.0/lib/kitchen/instance.rb:389:in `converge_action'
E, [2019-05-23T21:47:29.222785 #5221] ERROR -- Kitchen: /opt/chefdk/embedded/lib/ruby/gems/2.5.0/gems/test-kitchen-1.22.0/lib/kitchen/instance.rb:368:in `block in transition_to'
E, [2019-05-23T21:47:29.222817 #5221] ERROR -- Kitchen: /opt/chefdk/embedded/lib/ruby/gems/2.5.0/gems/test-kitchen-1.22.0/lib/kitchen/instance.rb:367:in `each'
E, [2019-05-23T21:47:29.222850 #5221] ERROR -- Kitchen: /opt/chefdk/embedded/lib/ruby/gems/2.5.0/gems/test-kitchen-1.22.0/lib/kitchen/instance.rb:367:in `transition_to'
E, [2019-05-23T21:47:29.222883 #5221] ERROR -- Kitchen: /opt/chefdk/embedded/lib/ruby/gems/2.5.0/gems/test-kitchen-1.22.0/lib/kitchen/instance.rb:157:in `verify'
E, [2019-05-23T21:47:29.222916 #5221] ERROR -- Kitchen: /opt/chefdk/embedded/lib/ruby/gems/2.5.0/gems/test-kitchen-1.22.0/lib/kitchen/instance.rb:186:in `block in test'
E, [2019-05-23T21:47:29.222949 #5221] ERROR -- Kitchen: /opt/chefdk/embedded/lib/ruby/2.5.0/benchmark.rb:293:in `measure'
E, [2019-05-23T21:47:29.222982 #5221] ERROR -- Kitchen: /opt/chefdk/embedded/lib/ruby/gems/2.5.0/gems/test-kitchen-1.22.0/lib/kitchen/instance.rb:182:in `test'
E, [2019-05-23T21:47:29.223015 #5221] ERROR -- Kitchen: /opt/chefdk/embedded/lib/ruby/gems/2.5.0/gems/test-kitchen-1.22.0/lib/kitchen/command.rb:197:in `public_send'
E, [2019-05-23T21:47:29.223048 #5221] ERROR -- Kitchen: /opt/chefdk/embedded/lib/ruby/gems/2.5.0/gems/test-kitchen-1.22.0/lib/kitchen/command.rb:197:in `run_action_in_thread'
E, [2019-05-23T21:47:29.223081 #5221] ERROR -- Kitchen: /opt/chefdk/embedded/lib/ruby/gems/2.5.0/gems/test-kitchen-1.22.0/lib/kitchen/command.rb:169:in `block (2 levels) in run_action'
E, [2019-05-23T21:47:29.223114 #5221] ERROR -- Kitchen: ----End Backtrace-----
E, [2019-05-23T21:47:29.223145 #5221] ERROR -- Kitchen: ---Nested Exception---
E, [2019-05-23T21:47:29.223177 #5221] ERROR -- Kitchen: Class: Kitchen::ActionFailed
E, [2019-05-23T21:47:29.223209 #5221] ERROR -- Kitchen: Message: SSH exited (1) for command: [sh -c '
TEST_KITCHEN="1"; export TEST_KITCHEN
sudo -E /opt/chef/bin/chef-client --local-mode --config /tmp/kitchen/client.rb --log_level auto --force-formatter --no-color --json-attributes /tmp/kitchen/dna.json --chef-zero-port 8889 
']
E, [2019-05-23T21:47:29.223243 #5221] ERROR -- Kitchen: ----------------------
E, [2019-05-23T21:47:29.223275 #5221] ERROR -- Kitchen: ------Backtrace-------
E, [2019-05-23T21:47:29.223306 #5221] ERROR -- Kitchen: /opt/chefdk/embedded/lib/ruby/gems/2.5.0/gems/test-kitchen-1.22.0/lib/kitchen/provisioner/base.rb:91:in `rescue in call'
E, [2019-05-23T21:47:29.223339 #5221] ERROR -- Kitchen: /opt/chefdk/embedded/lib/ruby/gems/2.5.0/gems/test-kitchen-1.22.0/lib/kitchen/provisioner/base.rb:67:in `call'
E, [2019-05-23T21:47:29.223372 #5221] ERROR -- Kitchen: /opt/chefdk/embedded/lib/ruby/gems/2.5.0/gems/test-kitchen-1.22.0/lib/kitchen/instance.rb:393:in `block in converge_action'
E, [2019-05-23T21:47:29.223429 #5221] ERROR -- Kitchen: /opt/chefdk/embedded/lib/ruby/gems/2.5.0/gems/test-kitchen-1.22.0/lib/kitchen/instance.rb:536:in `synchronize_or_call'
E, [2019-05-23T21:47:29.223464 #5221] ERROR -- Kitchen: /opt/chefdk/embedded/lib/ruby/gems/2.5.0/gems/test-kitchen-1.22.0/lib/kitchen/instance.rb:498:in `block in action'
E, [2019-05-23T21:47:29.223497 #5221] ERROR -- Kitchen: /opt/chefdk/embedded/lib/ruby/2.5.0/benchmark.rb:293:in `measure'
E, [2019-05-23T21:47:29.223530 #5221] ERROR -- Kitchen: /opt/chefdk/embedded/lib/ruby/gems/2.5.0/gems/test-kitchen-1.22.0/lib/kitchen/instance.rb:497:in `action'
E, [2019-05-23T21:47:29.223563 #5221] ERROR -- Kitchen: /opt/chefdk/embedded/lib/ruby/gems/2.5.0/gems/test-kitchen-1.22.0/lib/kitchen/instance.rb:389:in `converge_action'
E, [2019-05-23T21:47:29.223596 #5221] ERROR -- Kitchen: /opt/chefdk/embedded/lib/ruby/gems/2.5.0/gems/test-kitchen-1.22.0/lib/kitchen/instance.rb:368:in `block in transition_to'
E, [2019-05-23T21:47:29.223629 #5221] ERROR -- Kitchen: /opt/chefdk/embedded/lib/ruby/gems/2.5.0/gems/test-kitchen-1.22.0/lib/kitchen/instance.rb:367:in `each'
E, [2019-05-23T21:47:29.223662 #5221] ERROR -- Kitchen: /opt/chefdk/embedded/lib/ruby/gems/2.5.0/gems/test-kitchen-1.22.0/lib/kitchen/instance.rb:367:in `transition_to'
E, [2019-05-23T21:47:29.223694 #5221] ERROR -- Kitchen: /opt/chefdk/embedded/lib/ruby/gems/2.5.0/gems/test-kitchen-1.22.0/lib/kitchen/instance.rb:157:in `verify'
E, [2019-05-23T21:47:29.223727 #5221] ERROR -- Kitchen: /opt/chefdk/embedded/lib/ruby/gems/2.5.0/gems/test-kitchen-1.22.0/lib/kitchen/instance.rb:186:in `block in test'
E, [2019-05-23T21:47:29.223760 #5221] ERROR -- Kitchen: /opt/chefdk/embedded/lib/ruby/2.5.0/benchmark.rb:293:in `measure'
E, [2019-05-23T21:47:29.223793 #5221] ERROR -- Kitchen: /opt/chefdk/embedded/lib/ruby/gems/2.5.0/gems/test-kitchen-1.22.0/lib/kitchen/instance.rb:182:in `test'
E, [2019-05-23T21:47:29.223826 #5221] ERROR -- Kitchen: /opt/chefdk/embedded/lib/ruby/gems/2.5.0/gems/test-kitchen-1.22.0/lib/kitchen/command.rb:197:in `public_send'
E, [2019-05-23T21:47:29.223858 #5221] ERROR -- Kitchen: /opt/chefdk/embedded/lib/ruby/gems/2.5.0/gems/test-kitchen-1.22.0/lib/kitchen/command.rb:197:in `run_action_in_thread'
E, [2019-05-23T21:47:29.223892 #5221] ERROR -- Kitchen: /opt/chefdk/embedded/lib/ruby/gems/2.5.0/gems/test-kitchen-1.22.0/lib/kitchen/command.rb:169:in `block (2 levels) in run_action'
E, [2019-05-23T21:47:29.223925 #5221] ERROR -- Kitchen: ----End Backtrace-----
